<?xml version="1.0" encoding="UTF-8"?>
<testng-results ignored="0" total="1" passed="1" failed="0" skipped="0">
  <reporter-output>
  </reporter-output>
  <suite started-at="2024-08-22T16:00:07 IST" name="Default suite" finished-at="2024-08-22T16:03:07 IST" duration-ms="180535">
    <groups>
    </groups>
    <test started-at="2024-08-22T16:00:07 IST" name="Default test" finished-at="2024-08-22T16:03:07 IST" duration-ms="180535">
      <class name="TestSuite.Android">
        <test-method is-config="true" signature="setUp()[pri:0, instance:TestSuite.Android@15bb5034]" started-at="2024-08-22T16:00:07 IST" name="setUp" finished-at="2024-08-22T16:00:33 IST" duration-ms="26247" status="PASS">
          <reporter-output>
          </reporter-output>
        </test-method> <!-- setUp -->
        <test-method signature="sanityrideFlow()[pri:0, instance:TestSuite.Android@15bb5034]" started-at="2024-08-22T16:00:33 IST" name="sanityrideFlow" finished-at="2024-08-22T16:03:07 IST" duration-ms="153775" status="PASS">
          <reporter-output>
          </reporter-output>
        </test-method> <!-- sanityrideFlow -->
        <test-method is-config="true" signature="tearDown()[pri:0, instance:TestSuite.Android@15bb5034]" started-at="2024-08-22T16:03:07 IST" name="tearDown" finished-at="2024-08-22T16:03:07 IST" duration-ms="490" status="PASS">
          <reporter-output>
          </reporter-output>
        </test-method> <!-- tearDown -->
      </class> <!-- TestSuite.Android -->
    </test> <!-- Default test -->
  </suite> <!-- Default suite -->
</testng-results>
